PS E:\CGVSL\Image_Cloud\video_significance_detection_keras> py .\main.py train
E:\Python\Python36\lib\site-packages\h5py\__init__.py:36: FutureWarning: Conversion of the second argument of issubdtype
 from `float` to `np.floating` is deprecated. In future, it will be treated as `np.float64 == np.dtype(float).type`.
  from ._conv import register_converters as _register_converters
Using TensorFlow backend.
2018-01-05 17:15:40.967011: I C:\tf_jenkins\home\workspace\rel-win\M\windows-gpu\PY\36\tensorflow\core\platform\cpu_feat
ure_guard.cc:137] Your CPU supports instructions that this TensorFlow binary was not compiled to use: AVX AVX2
2018-01-05 17:15:41.231154: I C:\tf_jenkins\home\workspace\rel-win\M\windows-gpu\PY\36\tensorflow\core\common_runtime\gp
u\gpu_device.cc:1030] Found device 0 with properties:
name: GeForce GTX 970 major: 5 minor: 2 memoryClockRate(GHz): 1.2405
pciBusID: 0000:01:00.0
totalMemory: 4.00GiB freeMemory: 3.31GiB
2018-01-05 17:15:41.231517: I C:\tf_jenkins\home\workspace\rel-win\M\windows-gpu\PY\36\tensorflow\core\common_runtime\gp
u\gpu_device.cc:1120] Creating TensorFlow device (/device:GPU:0) -> (device: 0, name: GeForce GTX 970, pci bus id: 0000:
01:00.0, compute capability: 5.2)
_________________________________________________________________
Layer (type)                 Output Shape              Param #
=================================================================
input_1 (InputLayer)         (None, None, None, 3)     0
_________________________________________________________________
block1_conv1 (Conv2D)        (None, None, None, 64)    1792
_________________________________________________________________
block1_conv2 (Conv2D)        (None, None, None, 64)    36928
_________________________________________________________________
block1_pool (MaxPooling2D)   (None, None, None, 64)    0
_________________________________________________________________
block2_conv1 (Conv2D)        (None, None, None, 128)   73856
_________________________________________________________________
block2_conv2 (Conv2D)        (None, None, None, 128)   147584
_________________________________________________________________
block2_pool (MaxPooling2D)   (None, None, None, 128)   0
_________________________________________________________________
block3_conv1 (Conv2D)        (None, None, None, 256)   295168
_________________________________________________________________
block3_conv2 (Conv2D)        (None, None, None, 256)   590080
_________________________________________________________________
block3_conv3 (Conv2D)        (None, None, None, 256)   590080
_________________________________________________________________
block3_pool (MaxPooling2D)   (None, None, None, 256)   0
_________________________________________________________________
block4_conv1 (Conv2D)        (None, None, None, 512)   1180160
_________________________________________________________________
block4_conv2 (Conv2D)        (None, None, None, 512)   2359808
_________________________________________________________________
block4_conv3 (Conv2D)        (None, None, None, 512)   2359808
_________________________________________________________________
block4_pool (MaxPooling2D)   (None, None, None, 512)   0
_________________________________________________________________
block5_conv1 (Conv2D)        (None, None, None, 512)   2359808
_________________________________________________________________
block5_conv2 (Conv2D)        (None, None, None, 512)   2359808
_________________________________________________________________
block5_conv3 (Conv2D)        (None, None, None, 512)   2359808
_________________________________________________________________
block5_pool (MaxPooling2D)   (None, None, None, 512)   0
_________________________________________________________________
deconv1_1 (Conv2DTranspose)  (None, None, None, 32)    262176
_________________________________________________________________
deconv2_1 (Conv2DTranspose)  (None, None, None, 16)    8208
_________________________________________________________________
deconv3_1 (Conv2DTranspose)  (None, None, None, 8)     2056
_________________________________________________________________
deconv4_1 (Conv2DTranspose)  (None, None, None, 4)     516
_________________________________________________________________
deconv5_1 (Conv2DTranspose)  (None, None, None, 2)     130
_________________________________________________________________
conv5_3 (Conv2D)             (None, None, None, 1)     3
=================================================================
Total params: 14,987,777
Trainable params: 7,352,513
Non-trainable params: 7,635,264
_________________________________________________________________
build model completed
out epoch = 0
Epoch 1/10
136/136 [==============================] - 17s 125ms/step - loss: 0.3755
Epoch 2/10
136/136 [==============================] - 16s 117ms/step - loss: 0.1664
Epoch 3/10
136/136 [==============================] - 16s 118ms/step - loss: 0.0920
Epoch 4/10
136/136 [==============================] - 17s 122ms/step - loss: 0.0631
Epoch 5/10
136/136 [==============================] - 16s 118ms/step - loss: 0.0481
Epoch 6/10
136/136 [==============================] - 16s 117ms/step - loss: 0.0399
Epoch 7/10
136/136 [==============================] - 16s 116ms/step - loss: 0.0355
Epoch 8/10
136/136 [==============================] - 16s 117ms/step - loss: 0.0336
Epoch 9/10
136/136 [==============================] - 16s 116ms/step - loss: 0.0318
Epoch 10/10
136/136 [==============================] - 16s 116ms/step - loss: 0.0291
out epoch = 1
Epoch 1/10
136/136 [==============================] - 16s 116ms/step - loss: 0.0263
Epoch 2/10
136/136 [==============================] - 16s 116ms/step - loss: 0.0251
Epoch 3/10
136/136 [==============================] - 16s 116ms/step - loss: 0.0241
Epoch 4/10
136/136 [==============================] - 16s 116ms/step - loss: 0.0232
Epoch 5/10
136/136 [==============================] - 16s 116ms/step - loss: 0.0221
Epoch 6/10
136/136 [==============================] - 16s 117ms/step - loss: 0.0214
Epoch 7/10
136/136 [==============================] - 16s 117ms/step - loss: 0.0201
Epoch 8/10
136/136 [==============================] - 16s 116ms/step - loss: 0.0190
Epoch 9/10
136/136 [==============================] - 16s 116ms/step - loss: 0.0177
Epoch 10/10
136/136 [==============================] - 16s 116ms/step - loss: 0.0166
out epoch = 2
Epoch 1/10
136/136 [==============================] - 16s 116ms/step - loss: 0.0155
Epoch 2/10
136/136 [==============================] - 16s 117ms/step - loss: 0.0143
Epoch 3/10
136/136 [==============================] - 16s 117ms/step - loss: 0.0135
Epoch 4/10
136/136 [==============================] - 16s 116ms/step - loss: 0.0128
Epoch 5/10
136/136 [==============================] - 16s 117ms/step - loss: 0.0123
Epoch 6/10
136/136 [==============================] - 16s 116ms/step - loss: 0.0116
Epoch 7/10
136/136 [==============================] - 16s 115ms/step - loss: 0.0110
Epoch 8/10
136/136 [==============================] - 16s 116ms/step - loss: 0.0105
Epoch 9/10
136/136 [==============================] - 16s 116ms/step - loss: 0.0098
Epoch 10/10
136/136 [==============================] - 16s 116ms/step - loss: 0.0094
out epoch = 3
Epoch 1/10
136/136 [==============================] - 16s 117ms/step - loss: 0.0090
Epoch 2/10
136/136 [==============================] - 16s 116ms/step - loss: 0.0086
Epoch 3/10
136/136 [==============================] - 16s 117ms/step - loss: 0.0080
Epoch 4/10
136/136 [==============================] - 16s 116ms/step - loss: 0.0075
Epoch 5/10
136/136 [==============================] - 16s 117ms/step - loss: 0.0071
Epoch 6/10
136/136 [==============================] - 16s 117ms/step - loss: 0.0068
Epoch 7/10
136/136 [==============================] - 16s 117ms/step - loss: 0.0065
Epoch 8/10
136/136 [==============================] - 16s 117ms/step - loss: 0.0060
Epoch 9/10
136/136 [==============================] - 16s 117ms/step - loss: 0.0057
Epoch 10/10
136/136 [==============================] - 16s 117ms/step - loss: 0.0054
out epoch = 4
Epoch 1/10
136/136 [==============================] - 16s 117ms/step - loss: 0.0052
Epoch 2/10
136/136 [==============================] - 16s 116ms/step - loss: 0.0050
Epoch 3/10
136/136 [==============================] - 16s 116ms/step - loss: 0.0049
Epoch 4/10
136/136 [==============================] - 16s 117ms/step - loss: 0.0046
Epoch 5/10
136/136 [==============================] - 16s 117ms/step - loss: 0.0045
Epoch 6/10
136/136 [==============================] - 16s 116ms/step - loss: 0.0043
Epoch 7/10
136/136 [==============================] - 16s 115ms/step - loss: 0.0042
Epoch 8/10
136/136 [==============================] - 16s 116ms/step - loss: 0.0040
Epoch 9/10
136/136 [==============================] - 16s 117ms/step - loss: 0.0039
Epoch 10/10
136/136 [==============================] - 16s 117ms/step - loss: 0.0038
out epoch = 5
Epoch 1/10
136/136 [==============================] - 16s 116ms/step - loss: 0.0037
Epoch 2/10
136/136 [==============================] - 16s 116ms/step - loss: 0.0036
Epoch 3/10
136/136 [==============================] - 16s 117ms/step - loss: 0.0036
Epoch 4/10
136/136 [==============================] - 16s 116ms/step - loss: 0.0035
Epoch 5/10
136/136 [==============================] - 16s 115ms/step - loss: 0.0033
Epoch 6/10
136/136 [==============================] - 16s 116ms/step - loss: 0.0032
Epoch 7/10
136/136 [==============================] - 16s 116ms/step - loss: 0.0031
Epoch 8/10
136/136 [==============================] - 16s 116ms/step - loss: 0.0029
Epoch 9/10
136/136 [==============================] - 16s 116ms/step - loss: 0.0029
Epoch 10/10
136/136 [==============================] - 16s 117ms/step - loss: 0.0029
out epoch = 6
Epoch 1/10
136/136 [==============================] - 16s 117ms/step - loss: 0.0030
Epoch 2/10
136/136 [==============================] - 16s 116ms/step - loss: 0.0031
Epoch 3/10
136/136 [==============================] - 16s 117ms/step - loss: 0.0030
Epoch 4/10
136/136 [==============================] - 16s 115ms/step - loss: 0.0029
Epoch 5/10
136/136 [==============================] - 16s 116ms/step - loss: 0.0028
Epoch 6/10
136/136 [==============================] - 16s 116ms/step - loss: 0.0026
Epoch 7/10
136/136 [==============================] - 16s 116ms/step - loss: 0.0025
Epoch 8/10
136/136 [==============================] - 16s 117ms/step - loss: 0.0024
Epoch 9/10
136/136 [==============================] - 16s 117ms/step - loss: 0.0022
Epoch 10/10
136/136 [==============================] - 16s 117ms/step - loss: 0.0022
out epoch = 7
Epoch 1/10
136/136 [==============================] - 16s 117ms/step - loss: 0.0021
Epoch 2/10
136/136 [==============================] - 16s 118ms/step - loss: 0.0020
Epoch 3/10
136/136 [==============================] - 16s 118ms/step - loss: 0.0020
Epoch 4/10
136/136 [==============================] - 16s 117ms/step - loss: 0.0019
Epoch 5/10
136/136 [==============================] - 16s 117ms/step - loss: 0.0019
Epoch 6/10
136/136 [==============================] - 16s 116ms/step - loss: 0.0020
Epoch 7/10
136/136 [==============================] - 16s 116ms/step - loss: 0.0019
Epoch 8/10
136/136 [==============================] - 16s 116ms/step - loss: 0.0019
Epoch 9/10
136/136 [==============================] - 16s 117ms/step - loss: 0.0020
Epoch 10/10
136/136 [==============================] - 16s 116ms/step - loss: 0.0020
out epoch = 8
Epoch 1/10
136/136 [==============================] - 16s 116ms/step - loss: 0.0020
Epoch 2/10
136/136 [==============================] - 16s 116ms/step - loss: 0.0021
Epoch 3/10
136/136 [==============================] - 16s 117ms/step - loss: 0.0022
Epoch 4/10
136/136 [==============================] - 16s 116ms/step - loss: 0.0022
Epoch 5/10
136/136 [==============================] - 16s 116ms/step - loss: 0.0021
Epoch 6/10
136/136 [==============================] - 16s 116ms/step - loss: 0.0022
Epoch 7/10
136/136 [==============================] - 16s 116ms/step - loss: 0.0021
Epoch 8/10
136/136 [==============================] - 16s 116ms/step - loss: 0.0020
Epoch 9/10
136/136 [==============================] - 16s 116ms/step - loss: 0.0020
Epoch 10/10
136/136 [==============================] - 16s 116ms/step - loss: 0.0018
out epoch = 9
Epoch 1/10
136/136 [==============================] - 16s 117ms/step - loss: 0.0018
Epoch 2/10
136/136 [==============================] - 16s 120ms/step - loss: 0.0017
Epoch 3/10
136/136 [==============================] - 16s 119ms/step - loss: 0.0016
Epoch 4/10
136/136 [==============================] - 16s 118ms/step - loss: 0.0015
Epoch 5/10
136/136 [==============================] - 16s 119ms/step - loss: 0.0015
Epoch 6/10
136/136 [==============================] - 16s 118ms/step - loss: 0.0015
Epoch 7/10
136/136 [==============================] - 16s 117ms/step - loss: 0.0015
Epoch 8/10
136/136 [==============================] - 16s 117ms/step - loss: 0.0015
Epoch 9/10
136/136 [==============================] - 16s 116ms/step - loss: 0.0015
Epoch 10/10
136/136 [==============================] - 16s 116ms/step - loss: 0.0016
out epoch = 10
Epoch 1/10
136/136 [==============================] - 16s 117ms/step - loss: 0.0016
Epoch 2/10
136/136 [==============================] - 16s 117ms/step - loss: 0.0017
Epoch 3/10
136/136 [==============================] - 16s 117ms/step - loss: 0.0017
Epoch 4/10
136/136 [==============================] - 16s 117ms/step - loss: 0.0016
Epoch 5/10
136/136 [==============================] - 16s 116ms/step - loss: 0.0016
Epoch 6/10
136/136 [==============================] - 16s 117ms/step - loss: 0.0016
Epoch 7/10
136/136 [==============================] - 16s 117ms/step - loss: 0.0016
Epoch 8/10
136/136 [==============================] - 16s 117ms/step - loss: 0.0015
Epoch 9/10
136/136 [==============================] - 16s 117ms/step - loss: 0.0014
Epoch 10/10
136/136 [==============================] - 16s 118ms/step - loss: 0.0014
out epoch = 11
Epoch 1/10
136/136 [==============================] - 16s 117ms/step - loss: 0.0014
Epoch 2/10
136/136 [==============================] - 16s 116ms/step - loss: 0.0013
Epoch 3/10
136/136 [==============================] - 16s 117ms/step - loss: 0.0013
Epoch 4/10
136/136 [==============================] - 16s 117ms/step - loss: 0.0013
Epoch 5/10
136/136 [==============================] - 16s 116ms/step - loss: 0.0013
Epoch 6/10
136/136 [==============================] - 16s 116ms/step - loss: 0.0012
Epoch 7/10
136/136 [==============================] - 16s 117ms/step - loss: 0.0012
Epoch 8/10
136/136 [==============================] - 16s 117ms/step - loss: 0.0012
Epoch 9/10
136/136 [==============================] - 16s 117ms/step - loss: 0.0011
Epoch 10/10
136/136 [==============================] - 16s 118ms/step - loss: 0.0012
out epoch = 12
Epoch 1/10
136/136 [==============================] - 16s 118ms/step - loss: 0.0012
Epoch 2/10
136/136 [==============================] - 16s 117ms/step - loss: 0.0012
Epoch 3/10
136/136 [==============================] - 16s 116ms/step - loss: 0.0012
Epoch 4/10
136/136 [==============================] - 16s 117ms/step - loss: 0.0012
Epoch 5/10
136/136 [==============================] - 16s 117ms/step - loss: 0.0013
Epoch 6/10
136/136 [==============================] - 16s 117ms/step - loss: 0.0013
Epoch 7/10
136/136 [==============================] - 16s 117ms/step - loss: 0.0013
Epoch 8/10
136/136 [==============================] - 16s 116ms/step - loss: 0.0013
Epoch 9/10
136/136 [==============================] - 16s 117ms/step - loss: 0.0013
Epoch 10/10
136/136 [==============================] - 16s 117ms/step - loss: 0.0014
out epoch = 13
Epoch 1/10
136/136 [==============================] - 16s 117ms/step - loss: 0.0015
Epoch 2/10
136/136 [==============================] - 16s 117ms/step - loss: 0.0015
Epoch 3/10
136/136 [==============================] - 16s 116ms/step - loss: 0.0016
Epoch 4/10
136/136 [==============================] - 16s 117ms/step - loss: 0.0016
Epoch 5/10
136/136 [==============================] - 16s 117ms/step - loss: 0.0016
Epoch 6/10
136/136 [==============================] - 16s 117ms/step - loss: 0.0015
Epoch 7/10
136/136 [==============================] - 16s 116ms/step - loss: 0.0015
Epoch 8/10
136/136 [==============================] - 16s 117ms/step - loss: 0.0015
Epoch 9/10
136/136 [==============================] - 16s 117ms/step - loss: 0.0015
Epoch 10/10
136/136 [==============================] - 16s 117ms/step - loss: 0.0014
out epoch = 14
Epoch 1/10
136/136 [==============================] - 16s 117ms/step - loss: 0.0013
Epoch 2/10
136/136 [==============================] - 16s 116ms/step - loss: 0.0013
Epoch 3/10
136/136 [==============================] - 16s 116ms/step - loss: 0.0012
Epoch 4/10
136/136 [==============================] - 16s 117ms/step - loss: 0.0012
Epoch 5/10
136/136 [==============================] - 16s 117ms/step - loss: 0.0011
Epoch 6/10
136/136 [==============================] - 16s 117ms/step - loss: 0.0011
Epoch 7/10
136/136 [==============================] - 16s 117ms/step - loss: 0.0011
Epoch 8/10
136/136 [==============================] - 16s 116ms/step - loss: 0.0011
Epoch 9/10
136/136 [==============================] - 16s 117ms/step - loss: 0.0011
Epoch 10/10
136/136 [==============================] - 16s 117ms/step - loss: 0.0010
out epoch = 15
Epoch 1/10
136/136 [==============================] - 16s 117ms/step - loss: 0.0011
Epoch 2/10
136/136 [==============================] - 16s 117ms/step - loss: 0.0011
Epoch 3/10
136/136 [==============================] - 16s 117ms/step - loss: 0.0011
Epoch 4/10
136/136 [==============================] - 16s 117ms/step - loss: 0.0010
Epoch 5/10
136/136 [==============================] - 16s 117ms/step - loss: 0.0010
Epoch 6/10
136/136 [==============================] - 16s 117ms/step - loss: 0.0010
Epoch 7/10
136/136 [==============================] - 16s 117ms/step - loss: 0.0010
Epoch 8/10
136/136 [==============================] - 16s 117ms/step - loss: 9.9734e-04
Epoch 9/10
136/136 [==============================] - 16s 118ms/step - loss: 0.0011
Epoch 10/10
136/136 [==============================] - 16s 117ms/step - loss: 9.9309e-04
out epoch = 16
Epoch 1/10
136/136 [==============================] - 16s 117ms/step - loss: 9.3265e-04
Epoch 2/10
136/136 [==============================] - 16s 118ms/step - loss: 9.5675e-04
Epoch 3/10
136/136 [==============================] - 16s 117ms/step - loss: 9.0882e-04
Epoch 4/10
136/136 [==============================] - 16s 117ms/step - loss: 9.0309e-04
Epoch 5/10
136/136 [==============================] - 16s 116ms/step - loss: 8.9075e-04
Epoch 6/10
136/136 [==============================] - 16s 117ms/step - loss: 8.8587e-04
Epoch 7/10
136/136 [==============================] - 16s 117ms/step - loss: 9.1155e-04
Epoch 8/10
136/136 [==============================] - 16s 117ms/step - loss: 8.8447e-04
Epoch 9/10
136/136 [==============================] - 16s 117ms/step - loss: 8.7871e-04
Epoch 10/10
136/136 [==============================] - 16s 117ms/step - loss: 9.0582e-04
out epoch = 17
Epoch 1/10
136/136 [==============================] - 16s 117ms/step - loss: 8.8627e-04
Epoch 2/10
136/136 [==============================] - 16s 117ms/step - loss: 8.9188e-04
Epoch 3/10
136/136 [==============================] - 16s 116ms/step - loss: 8.6950e-04
Epoch 4/10
136/136 [==============================] - 16s 118ms/step - loss: 9.0233e-04
Epoch 5/10
136/136 [==============================] - 16s 117ms/step - loss: 8.7635e-04
Epoch 6/10
136/136 [==============================] - 16s 118ms/step - loss: 9.3309e-04
Epoch 7/10
136/136 [==============================] - 16s 118ms/step - loss: 9.2108e-04
Epoch 8/10
136/136 [==============================] - 16s 117ms/step - loss: 9.0162e-04
Epoch 9/10
136/136 [==============================] - 16s 120ms/step - loss: 9.4168e-04
Epoch 10/10
136/136 [==============================] - 16s 117ms/step - loss: 8.9707e-04
out epoch = 18
Epoch 1/10
136/136 [==============================] - 17s 122ms/step - loss: 9.0587e-04
Epoch 2/10
136/136 [==============================] - 16s 116ms/step - loss: 9.1417e-04
Epoch 3/10
136/136 [==============================] - 17s 125ms/step - loss: 8.7505e-04
Epoch 4/10
136/136 [==============================] - 17s 122ms/step - loss: 8.7028e-04
Epoch 5/10
136/136 [==============================] - 18s 130ms/step - loss: 8.2685e-04
Epoch 6/10
136/136 [==============================] - 18s 130ms/step - loss: 8.3075e-04
Epoch 7/10
136/136 [==============================] - 18s 135ms/step - loss: 7.8502e-04
Epoch 8/10
136/136 [==============================] - 18s 129ms/step - loss: 8.2278e-04
Epoch 9/10
136/136 [==============================] - 17s 128ms/step - loss: 7.8148e-04
Epoch 10/10
136/136 [==============================] - 17s 128ms/step - loss: 7.7292e-04
out epoch = 19
Epoch 1/10
136/136 [==============================] - 17s 128ms/step - loss: 8.2441e-04
Epoch 2/10
136/136 [==============================] - 17s 128ms/step - loss: 8.3053e-04
Epoch 3/10
136/136 [==============================] - 17s 128ms/step - loss: 7.9420e-04
Epoch 4/10
136/136 [==============================] - 17s 128ms/step - loss: 7.8406e-04
Epoch 5/10
136/136 [==============================] - 18s 132ms/step - loss: 7.6531e-04
Epoch 6/10
136/136 [==============================] - 18s 133ms/step - loss: 7.5981e-04
Epoch 7/10
136/136 [==============================] - 17s 128ms/step - loss: 7.6169e-04
Epoch 8/10
136/136 [==============================] - 18s 133ms/step - loss: 8.1661e-04
Epoch 9/10
136/136 [==============================] - 17s 128ms/step - loss: 8.5518e-04
Epoch 10/10
136/136 [==============================] - 17s 128ms/step - loss: 8.3612e-04
training time = 3244.5673582553864